-------------------------------------------------------------------------------
Test set: TestSuite
-------------------------------------------------------------------------------
Tests run: 4, Failures: 4, Errors: 0, Skipped: 0, Time elapsed: 15.983 sec <<< FAILURE! - in TestSuite
deleteAllUseCasesTestsAndWriteToJson(regression.UseCasesPageTests)  Time elapsed: 14.168 sec  <<< FAILURE!
org.openqa.selenium.TimeoutException: Expected condition failed: waiting for visibility of element located by By.xpath: //h5[text()='Vladimir Jovanovic'] (tried for 5 second(s) with 500 milliseconds interval)
	at sun.reflect.NativeConstructorAccessorImpl.newInstance0(Native Method)
	at sun.reflect.NativeConstructorAccessorImpl.newInstance(NativeConstructorAccessorImpl.java:62)
	at sun.reflect.DelegatingConstructorAccessorImpl.newInstance(DelegatingConstructorAccessorImpl.java:45)
	at java.lang.reflect.Constructor.newInstance(Constructor.java:423)
	at org.openqa.selenium.remote.ErrorHandler.createThrowable(ErrorHandler.java:214)
	at org.openqa.selenium.remote.ErrorHandler.throwIfResponseFailed(ErrorHandler.java:166)
	at org.openqa.selenium.remote.http.JsonHttpResponseCodec.reconstructValue(JsonHttpResponseCodec.java:40)
	at org.openqa.selenium.remote.http.AbstractHttpResponseCodec.decode(AbstractHttpResponseCodec.java:80)
	at org.openqa.selenium.remote.http.AbstractHttpResponseCodec.decode(AbstractHttpResponseCodec.java:44)
	at org.openqa.selenium.remote.HttpCommandExecutor.execute(HttpCommandExecutor.java:158)
	at org.openqa.selenium.remote.service.DriverCommandExecutor.execute(DriverCommandExecutor.java:83)
	at org.openqa.selenium.remote.RemoteWebDriver.execute(RemoteWebDriver.java:552)
	at org.openqa.selenium.remote.RemoteWebDriver.findElement(RemoteWebDriver.java:323)
	at org.openqa.selenium.remote.RemoteWebDriver.findElementByXPath(RemoteWebDriver.java:428)
	at org.openqa.selenium.By$ByXPath.findElement(By.java:353)
	at org.openqa.selenium.remote.RemoteWebDriver.findElement(RemoteWebDriver.java:315)
	at org.openqa.selenium.support.ui.ExpectedConditions$7.apply(ExpectedConditions.java:205)
	at org.openqa.selenium.support.ui.ExpectedConditions$7.apply(ExpectedConditions.java:201)
	at org.openqa.selenium.support.ui.FluentWait.until(FluentWait.java:249)
	at framework.Base.waitForElementToAppear(Base.java:13)
	at regression.DashboardPageTests.useCasesCard(DashboardPageTests.java:27)
	at regression.UseCasesPageTests.goToUseCasesList(UseCasesPageTests.java:182)
	at regression.UseCasesPageTests.deleteAllUseCasesTestsAndWriteToJson(UseCasesPageTests.java:34)

readFromJsonAndWriteUseCasesOnUi(regression.UseCasesPageTests)  Time elapsed: 0.038 sec  <<< FAILURE!
java.lang.NullPointerException: null
	at java.util.Objects.requireNonNull(Objects.java:203)
	at org.openqa.selenium.support.ui.FluentWait.<init>(FluentWait.java:106)
	at org.openqa.selenium.support.ui.WebDriverWait.<init>(WebDriverWait.java:85)
	at org.openqa.selenium.support.ui.WebDriverWait.<init>(WebDriverWait.java:45)
	at framework.Base.waitForElementToAppear(Base.java:12)
	at regression.UseCasesPageTests.writeToUi(UseCasesPageTests.java:303)
	at regression.UseCasesPageTests.readFromJsonAndWriteUseCasesOnUi(UseCasesPageTests.java:45)

editPropertiesToAllUseCases(regression.UseCasesPageTests)  Time elapsed: 0.002 sec  <<< FAILURE!
java.lang.NullPointerException: null
	at java.util.Objects.requireNonNull(Objects.java:203)
	at org.openqa.selenium.support.ui.FluentWait.<init>(FluentWait.java:106)
	at org.openqa.selenium.support.ui.WebDriverWait.<init>(WebDriverWait.java:85)
	at org.openqa.selenium.support.ui.WebDriverWait.<init>(WebDriverWait.java:45)
	at framework.Base.waitForElementToAppear(Base.java:12)
	at regression.UseCasesPageTests.catchUseCasesNames(UseCasesPageTests.java:192)
	at regression.UseCasesPageTests.editPropertiesToAllUseCases(UseCasesPageTests.java:52)

deleteAllEditedUseCases(regression.UseCasesPageTests)  Time elapsed: 0.002 sec  <<< FAILURE!
java.lang.NullPointerException: null
	at java.util.Objects.requireNonNull(Objects.java:203)
	at org.openqa.selenium.support.ui.FluentWait.<init>(FluentWait.java:106)
	at org.openqa.selenium.support.ui.WebDriverWait.<init>(WebDriverWait.java:85)
	at org.openqa.selenium.support.ui.WebDriverWait.<init>(WebDriverWait.java:45)
	at framework.Base.waitForElementToAppear(Base.java:12)
	at regression.UseCasesPageTests.catchUseCasesNames(UseCasesPageTests.java:192)
	at regression.UseCasesPageTests.deleteAllEditedUseCases(UseCasesPageTests.java:62)

